[2022-12-01 10:03:06] local.EMERGENCY: File:/var/www/html/ultimate-pos/storage/framework/views/6ba866be7214fa9996019c4da012adeb3a62f329.phpLine:471Message:Undefined property: stdClass::$totald (View: /var/www/html/ultimate-pos/resources/views/sale_pos/receipts/classic.blade.php)  
[2022-12-01 14:05:01] local.EMERGENCY: File:/var/www/html/ultimate-pos/storage/framework/views/6ba866be7214fa9996019c4da012adeb3a62f329.phpLine:480Message:Undefined variable: rctmsg (View: /var/www/html/ultimate-pos/resources/views/sale_pos/receipts/classic.blade.php)  
[2022-12-01 14:11:04] local.EMERGENCY: File:/var/www/html/ultimate-pos/storage/framework/views/6ba866be7214fa9996019c4da012adeb3a62f329.phpLine:480Message:Undefined variable: rctmsg (View: /var/www/html/ultimate-pos/resources/views/sale_pos/receipts/classic.blade.php)  
[2022-12-01 14:13:55] local.EMERGENCY: File:/var/www/html/ultimate-pos/storage/framework/views/6ba866be7214fa9996019c4da012adeb3a62f329.phpLine:494Message:syntax error, unexpected 'endif' (T_ENDIF), expecting end of file (View: /var/www/html/ultimate-pos/resources/views/sale_pos/receipts/classic.blade.php)  
[2022-12-01 14:14:49] local.EMERGENCY: File:/var/www/html/ultimate-pos/storage/framework/views/6ba866be7214fa9996019c4da012adeb3a62f329.phpLine:494Message:syntax error, unexpected 'endif' (T_ENDIF), expecting end of file (View: /var/www/html/ultimate-pos/resources/views/sale_pos/receipts/classic.blade.php)  
[2022-12-01 21:42:10] local.ERROR: Command "erve" is not defined.

Did you mean one of these?
    dump-server
    make:observer
    serve {"exception":"[object] (Symfony\\Component\\Console\\Exception\\CommandNotFoundException(code: 0): Command \"erve\" is not defined.

Did you mean one of these?
    dump-server
    make:observer
    serve at /var/www/html/ultimate-pos/vendor/symfony/console/Application.php:676)
[stacktrace]
#0 /var/www/html/ultimate-pos/vendor/symfony/console/Application.php(237): Symfony\\Component\\Console\\Application->find()
#1 /var/www/html/ultimate-pos/vendor/symfony/console/Application.php(149): Symfony\\Component\\Console\\Application->doRun()
#2 /var/www/html/ultimate-pos/vendor/laravel/framework/src/Illuminate/Console/Application.php(90): Symfony\\Component\\Console\\Application->run()
#3 /var/www/html/ultimate-pos/vendor/laravel/framework/src/Illuminate/Foundation/Console/Kernel.php(133): Illuminate\\Console\\Application->run()
#4 /var/www/html/ultimate-pos/artisan(35): Illuminate\\Foundation\\Console\\Kernel->handle()
#5 {main}
"} 
[2022-12-01 19:13:08] local.EMERGENCY: File:/var/www/html/ultimate-pos/storage/framework/views/6ba866be7214fa9996019c4da012adeb3a62f329.phpLine:477Message:Undefined variable: till_details2 (View: /var/www/html/ultimate-pos/resources/views/sale_pos/receipts/classic.blade.php)  
[2022-12-01 19:13:12] local.EMERGENCY: File:/var/www/html/ultimate-pos/storage/framework/views/6ba866be7214fa9996019c4da012adeb3a62f329.phpLine:477Message:Undefined variable: till_details2 (View: /var/www/html/ultimate-pos/resources/views/sale_pos/receipts/classic.blade.php)  
[2022-12-01 19:16:40] local.EMERGENCY: File:/var/www/html/ultimate-pos/storage/framework/views/6ba866be7214fa9996019c4da012adeb3a62f329.phpLine:477Message:Undefined variable: till_details2 (View: /var/www/html/ultimate-pos/resources/views/sale_pos/receipts/classic.blade.php)  
[2022-12-01 19:18:11] local.EMERGENCY: File:/var/www/html/ultimate-pos/storage/framework/views/6ba866be7214fa9996019c4da012adeb3a62f329.phpLine:477Message:Undefined variable: till_details2 (View: /var/www/html/ultimate-pos/resources/views/sale_pos/receipts/classic.blade.php)  
[2022-12-01 19:21:30] local.EMERGENCY: File:/var/www/html/ultimate-pos/storage/framework/views/6ba866be7214fa9996019c4da012adeb3a62f329.phpLine:477Message:Undefined variable: till_details2 (View: /var/www/html/ultimate-pos/resources/views/sale_pos/receipts/classic.blade.php)  
[2022-12-01 19:24:52] local.EMERGENCY: File:/var/www/html/ultimate-pos/storage/framework/views/6ba866be7214fa9996019c4da012adeb3a62f329.phpLine:477Message:Undefined variable: till_details2 (View: /var/www/html/ultimate-pos/resources/views/sale_pos/receipts/classic.blade.php)  
[2022-12-01 19:28:02] local.EMERGENCY: File:/var/www/html/ultimate-pos/storage/framework/views/6ba866be7214fa9996019c4da012adeb3a62f329.phpLine:478Message:Undefined variable: data10 (View: /var/www/html/ultimate-pos/resources/views/sale_pos/receipts/classic.blade.php)  
