[2022-09-19 13:26:29] local.ERROR: file_put_contents(/var/www/html/ultimate-pos/.env): failed to open stream: Permission denied {"exception":"[object] (ErrorException(code: 0): file_put_contents(/var/www/html/ultimate-pos/.env): failed to open stream: Permission denied at /var/www/html/ultimate-pos/vendor/laravel/framework/src/Illuminate/Foundation/Console/KeyGenerateCommand.php:96)
[stacktrace]
#0 [internal function]: Illuminate\\Foundation\\Bootstrap\\HandleExceptions->handleError()
#1 /var/www/html/ultimate-pos/vendor/laravel/framework/src/Illuminate/Foundation/Console/KeyGenerateCommand.php(96): file_put_contents()
#2 /var/www/html/ultimate-pos/vendor/laravel/framework/src/Illuminate/Foundation/Console/KeyGenerateCommand.php(80): Illuminate\\Foundation\\Console\\KeyGenerateCommand->writeNewEnvironmentFileWith()
#3 /var/www/html/ultimate-pos/vendor/laravel/framework/src/Illuminate/Foundation/Console/KeyGenerateCommand.php(45): Illuminate\\Foundation\\Console\\KeyGenerateCommand->setKeyInEnvironmentFile()
#4 [internal function]: Illuminate\\Foundation\\Console\\KeyGenerateCommand->handle()
#5 /var/www/html/ultimate-pos/vendor/laravel/framework/src/Illuminate/Container/BoundMethod.php(32): call_user_func_array()
#6 /var/www/html/ultimate-pos/vendor/laravel/framework/src/Illuminate/Container/BoundMethod.php(90): Illuminate\\Container\\BoundMethod::Illuminate\\Container\\{closure}()
#7 /var/www/html/ultimate-pos/vendor/laravel/framework/src/Illuminate/Container/BoundMethod.php(34): Illuminate\\Container\\BoundMethod::callBoundMethod()
#8 /var/www/html/ultimate-pos/vendor/laravel/framework/src/Illuminate/Container/Container.php(576): Illuminate\\Container\\BoundMethod::call()
#9 /var/www/html/ultimate-pos/vendor/laravel/framework/src/Illuminate/Console/Command.php(183): Illuminate\\Container\\Container->call()
#10 /var/www/html/ultimate-pos/vendor/symfony/console/Command/Command.php(255): Illuminate\\Console\\Command->execute()
#11 /var/www/html/ultimate-pos/vendor/laravel/framework/src/Illuminate/Console/Command.php(170): Symfony\\Component\\Console\\Command\\Command->run()
#12 /var/www/html/ultimate-pos/vendor/symfony/console/Application.php(1009): Illuminate\\Console\\Command->run()
#13 /var/www/html/ultimate-pos/vendor/symfony/console/Application.php(273): Symfony\\Component\\Console\\Application->doRunCommand()
#14 /var/www/html/ultimate-pos/vendor/symfony/console/Application.php(149): Symfony\\Component\\Console\\Application->doRun()
#15 /var/www/html/ultimate-pos/vendor/laravel/framework/src/Illuminate/Console/Application.php(90): Symfony\\Component\\Console\\Application->run()
#16 /var/www/html/ultimate-pos/vendor/laravel/framework/src/Illuminate/Foundation/Console/Kernel.php(133): Illuminate\\Console\\Application->run()
#17 /var/www/html/ultimate-pos/artisan(35): Illuminate\\Foundation\\Console\\Kernel->handle()
#18 {main}
"} 
[2022-09-19 13:41:13] local.ERROR: file_put_contents(/var/www/html/ultimate-pos/.env): failed to open stream: Permission denied {"exception":"[object] (ErrorException(code: 0): file_put_contents(/var/www/html/ultimate-pos/.env): failed to open stream: Permission denied at /var/www/html/ultimate-pos/vendor/laravel/framework/src/Illuminate/Foundation/Console/KeyGenerateCommand.php:96)
[stacktrace]
#0 [internal function]: Illuminate\\Foundation\\Bootstrap\\HandleExceptions->handleError()
#1 /var/www/html/ultimate-pos/vendor/laravel/framework/src/Illuminate/Foundation/Console/KeyGenerateCommand.php(96): file_put_contents()
#2 /var/www/html/ultimate-pos/vendor/laravel/framework/src/Illuminate/Foundation/Console/KeyGenerateCommand.php(80): Illuminate\\Foundation\\Console\\KeyGenerateCommand->writeNewEnvironmentFileWith()
#3 /var/www/html/ultimate-pos/vendor/laravel/framework/src/Illuminate/Foundation/Console/KeyGenerateCommand.php(45): Illuminate\\Foundation\\Console\\KeyGenerateCommand->setKeyInEnvironmentFile()
#4 [internal function]: Illuminate\\Foundation\\Console\\KeyGenerateCommand->handle()
#5 /var/www/html/ultimate-pos/vendor/laravel/framework/src/Illuminate/Container/BoundMethod.php(32): call_user_func_array()
#6 /var/www/html/ultimate-pos/vendor/laravel/framework/src/Illuminate/Container/BoundMethod.php(90): Illuminate\\Container\\BoundMethod::Illuminate\\Container\\{closure}()
#7 /var/www/html/ultimate-pos/vendor/laravel/framework/src/Illuminate/Container/BoundMethod.php(34): Illuminate\\Container\\BoundMethod::callBoundMethod()
#8 /var/www/html/ultimate-pos/vendor/laravel/framework/src/Illuminate/Container/Container.php(576): Illuminate\\Container\\BoundMethod::call()
#9 /var/www/html/ultimate-pos/vendor/laravel/framework/src/Illuminate/Console/Command.php(183): Illuminate\\Container\\Container->call()
#10 /var/www/html/ultimate-pos/vendor/symfony/console/Command/Command.php(255): Illuminate\\Console\\Command->execute()
#11 /var/www/html/ultimate-pos/vendor/laravel/framework/src/Illuminate/Console/Command.php(170): Symfony\\Component\\Console\\Command\\Command->run()
#12 /var/www/html/ultimate-pos/vendor/symfony/console/Application.php(1009): Illuminate\\Console\\Command->run()
#13 /var/www/html/ultimate-pos/vendor/symfony/console/Application.php(273): Symfony\\Component\\Console\\Application->doRunCommand()
#14 /var/www/html/ultimate-pos/vendor/symfony/console/Application.php(149): Symfony\\Component\\Console\\Application->doRun()
#15 /var/www/html/ultimate-pos/vendor/laravel/framework/src/Illuminate/Console/Application.php(90): Symfony\\Component\\Console\\Application->run()
#16 /var/www/html/ultimate-pos/vendor/laravel/framework/src/Illuminate/Foundation/Console/Kernel.php(133): Illuminate\\Console\\Application->run()
#17 /var/www/html/ultimate-pos/artisan(35): Illuminate\\Foundation\\Console\\Kernel->handle()
#18 {main}
"} 
[2022-09-19 13:42:40] local.ERROR: file_put_contents(/var/www/html/ultimate-pos/.env): failed to open stream: Permission denied {"exception":"[object] (ErrorException(code: 0): file_put_contents(/var/www/html/ultimate-pos/.env): failed to open stream: Permission denied at /var/www/html/ultimate-pos/vendor/laravel/framework/src/Illuminate/Foundation/Console/KeyGenerateCommand.php:96)
[stacktrace]
#0 [internal function]: Illuminate\\Foundation\\Bootstrap\\HandleExceptions->handleError()
#1 /var/www/html/ultimate-pos/vendor/laravel/framework/src/Illuminate/Foundation/Console/KeyGenerateCommand.php(96): file_put_contents()
#2 /var/www/html/ultimate-pos/vendor/laravel/framework/src/Illuminate/Foundation/Console/KeyGenerateCommand.php(80): Illuminate\\Foundation\\Console\\KeyGenerateCommand->writeNewEnvironmentFileWith()
#3 /var/www/html/ultimate-pos/vendor/laravel/framework/src/Illuminate/Foundation/Console/KeyGenerateCommand.php(45): Illuminate\\Foundation\\Console\\KeyGenerateCommand->setKeyInEnvironmentFile()
#4 [internal function]: Illuminate\\Foundation\\Console\\KeyGenerateCommand->handle()
#5 /var/www/html/ultimate-pos/vendor/laravel/framework/src/Illuminate/Container/BoundMethod.php(32): call_user_func_array()
#6 /var/www/html/ultimate-pos/vendor/laravel/framework/src/Illuminate/Container/BoundMethod.php(90): Illuminate\\Container\\BoundMethod::Illuminate\\Container\\{closure}()
#7 /var/www/html/ultimate-pos/vendor/laravel/framework/src/Illuminate/Container/BoundMethod.php(34): Illuminate\\Container\\BoundMethod::callBoundMethod()
#8 /var/www/html/ultimate-pos/vendor/laravel/framework/src/Illuminate/Container/Container.php(576): Illuminate\\Container\\BoundMethod::call()
#9 /var/www/html/ultimate-pos/vendor/laravel/framework/src/Illuminate/Console/Command.php(183): Illuminate\\Container\\Container->call()
#10 /var/www/html/ultimate-pos/vendor/symfony/console/Command/Command.php(255): Illuminate\\Console\\Command->execute()
#11 /var/www/html/ultimate-pos/vendor/laravel/framework/src/Illuminate/Console/Command.php(170): Symfony\\Component\\Console\\Command\\Command->run()
#12 /var/www/html/ultimate-pos/vendor/symfony/console/Application.php(1009): Illuminate\\Console\\Command->run()
#13 /var/www/html/ultimate-pos/vendor/symfony/console/Application.php(273): Symfony\\Component\\Console\\Application->doRunCommand()
#14 /var/www/html/ultimate-pos/vendor/symfony/console/Application.php(149): Symfony\\Component\\Console\\Application->doRun()
#15 /var/www/html/ultimate-pos/vendor/laravel/framework/src/Illuminate/Console/Application.php(90): Symfony\\Component\\Console\\Application->run()
#16 /var/www/html/ultimate-pos/vendor/laravel/framework/src/Illuminate/Foundation/Console/Kernel.php(133): Illuminate\\Console\\Application->run()
#17 /var/www/html/ultimate-pos/artisan(35): Illuminate\\Foundation\\Console\\Kernel->handle()
#18 {main}
"} 
[2022-09-19 22:05:23] local.ERROR: file_put_contents(/var/www/html/ultimate-pos/.env): failed to open stream: Permission denied {"exception":"[object] (ErrorException(code: 0): file_put_contents(/var/www/html/ultimate-pos/.env): failed to open stream: Permission denied at /var/www/html/ultimate-pos/vendor/laravel/framework/src/Illuminate/Foundation/Console/KeyGenerateCommand.php:96)
[stacktrace]
#0 [internal function]: Illuminate\\Foundation\\Bootstrap\\HandleExceptions->handleError()
#1 /var/www/html/ultimate-pos/vendor/laravel/framework/src/Illuminate/Foundation/Console/KeyGenerateCommand.php(96): file_put_contents()
#2 /var/www/html/ultimate-pos/vendor/laravel/framework/src/Illuminate/Foundation/Console/KeyGenerateCommand.php(80): Illuminate\\Foundation\\Console\\KeyGenerateCommand->writeNewEnvironmentFileWith()
#3 /var/www/html/ultimate-pos/vendor/laravel/framework/src/Illuminate/Foundation/Console/KeyGenerateCommand.php(45): Illuminate\\Foundation\\Console\\KeyGenerateCommand->setKeyInEnvironmentFile()
#4 [internal function]: Illuminate\\Foundation\\Console\\KeyGenerateCommand->handle()
#5 /var/www/html/ultimate-pos/vendor/laravel/framework/src/Illuminate/Container/BoundMethod.php(32): call_user_func_array()
#6 /var/www/html/ultimate-pos/vendor/laravel/framework/src/Illuminate/Container/BoundMethod.php(90): Illuminate\\Container\\BoundMethod::Illuminate\\Container\\{closure}()
#7 /var/www/html/ultimate-pos/vendor/laravel/framework/src/Illuminate/Container/BoundMethod.php(34): Illuminate\\Container\\BoundMethod::callBoundMethod()
#8 /var/www/html/ultimate-pos/vendor/laravel/framework/src/Illuminate/Container/Container.php(576): Illuminate\\Container\\BoundMethod::call()
#9 /var/www/html/ultimate-pos/vendor/laravel/framework/src/Illuminate/Console/Command.php(183): Illuminate\\Container\\Container->call()
#10 /var/www/html/ultimate-pos/vendor/symfony/console/Command/Command.php(255): Illuminate\\Console\\Command->execute()
#11 /var/www/html/ultimate-pos/vendor/laravel/framework/src/Illuminate/Console/Command.php(170): Symfony\\Component\\Console\\Command\\Command->run()
#12 /var/www/html/ultimate-pos/vendor/symfony/console/Application.php(1009): Illuminate\\Console\\Command->run()
#13 /var/www/html/ultimate-pos/vendor/symfony/console/Application.php(273): Symfony\\Component\\Console\\Application->doRunCommand()
#14 /var/www/html/ultimate-pos/vendor/symfony/console/Application.php(149): Symfony\\Component\\Console\\Application->doRun()
#15 /var/www/html/ultimate-pos/vendor/laravel/framework/src/Illuminate/Console/Application.php(90): Symfony\\Component\\Console\\Application->run()
#16 /var/www/html/ultimate-pos/vendor/laravel/framework/src/Illuminate/Foundation/Console/Kernel.php(133): Illuminate\\Console\\Application->run()
#17 /var/www/html/ultimate-pos/artisan(35): Illuminate\\Foundation\\Console\\Kernel->handle()
#18 {main}
"} 
[2022-09-19 22:06:10] local.ERROR: file_put_contents(/var/www/html/ultimate-pos/.env): failed to open stream: Permission denied {"exception":"[object] (ErrorException(code: 0): file_put_contents(/var/www/html/ultimate-pos/.env): failed to open stream: Permission denied at /var/www/html/ultimate-pos/vendor/laravel/framework/src/Illuminate/Foundation/Console/KeyGenerateCommand.php:96)
[stacktrace]
#0 [internal function]: Illuminate\\Foundation\\Bootstrap\\HandleExceptions->handleError()
#1 /var/www/html/ultimate-pos/vendor/laravel/framework/src/Illuminate/Foundation/Console/KeyGenerateCommand.php(96): file_put_contents()
#2 /var/www/html/ultimate-pos/vendor/laravel/framework/src/Illuminate/Foundation/Console/KeyGenerateCommand.php(80): Illuminate\\Foundation\\Console\\KeyGenerateCommand->writeNewEnvironmentFileWith()
#3 /var/www/html/ultimate-pos/vendor/laravel/framework/src/Illuminate/Foundation/Console/KeyGenerateCommand.php(45): Illuminate\\Foundation\\Console\\KeyGenerateCommand->setKeyInEnvironmentFile()
#4 [internal function]: Illuminate\\Foundation\\Console\\KeyGenerateCommand->handle()
#5 /var/www/html/ultimate-pos/vendor/laravel/framework/src/Illuminate/Container/BoundMethod.php(32): call_user_func_array()
#6 /var/www/html/ultimate-pos/vendor/laravel/framework/src/Illuminate/Container/BoundMethod.php(90): Illuminate\\Container\\BoundMethod::Illuminate\\Container\\{closure}()
#7 /var/www/html/ultimate-pos/vendor/laravel/framework/src/Illuminate/Container/BoundMethod.php(34): Illuminate\\Container\\BoundMethod::callBoundMethod()
#8 /var/www/html/ultimate-pos/vendor/laravel/framework/src/Illuminate/Container/Container.php(576): Illuminate\\Container\\BoundMethod::call()
#9 /var/www/html/ultimate-pos/vendor/laravel/framework/src/Illuminate/Console/Command.php(183): Illuminate\\Container\\Container->call()
#10 /var/www/html/ultimate-pos/vendor/symfony/console/Command/Command.php(255): Illuminate\\Console\\Command->execute()
#11 /var/www/html/ultimate-pos/vendor/laravel/framework/src/Illuminate/Console/Command.php(170): Symfony\\Component\\Console\\Command\\Command->run()
#12 /var/www/html/ultimate-pos/vendor/symfony/console/Application.php(1009): Illuminate\\Console\\Command->run()
#13 /var/www/html/ultimate-pos/vendor/symfony/console/Application.php(273): Symfony\\Component\\Console\\Application->doRunCommand()
#14 /var/www/html/ultimate-pos/vendor/symfony/console/Application.php(149): Symfony\\Component\\Console\\Application->doRun()
#15 /var/www/html/ultimate-pos/vendor/laravel/framework/src/Illuminate/Console/Application.php(90): Symfony\\Component\\Console\\Application->run()
#16 /var/www/html/ultimate-pos/vendor/laravel/framework/src/Illuminate/Foundation/Console/Kernel.php(133): Illuminate\\Console\\Application->run()
#17 /var/www/html/ultimate-pos/artisan(35): Illuminate\\Foundation\\Console\\Kernel->handle()
#18 {main}
"} 
[2022-09-19 22:09:18] local.ERROR: file_put_contents(/var/www/html/ultimate-pos/.env): failed to open stream: Permission denied {"exception":"[object] (ErrorException(code: 0): file_put_contents(/var/www/html/ultimate-pos/.env): failed to open stream: Permission denied at /var/www/html/ultimate-pos/vendor/laravel/framework/src/Illuminate/Foundation/Console/KeyGenerateCommand.php:96)
[stacktrace]
#0 [internal function]: Illuminate\\Foundation\\Bootstrap\\HandleExceptions->handleError()
#1 /var/www/html/ultimate-pos/vendor/laravel/framework/src/Illuminate/Foundation/Console/KeyGenerateCommand.php(96): file_put_contents()
#2 /var/www/html/ultimate-pos/vendor/laravel/framework/src/Illuminate/Foundation/Console/KeyGenerateCommand.php(80): Illuminate\\Foundation\\Console\\KeyGenerateCommand->writeNewEnvironmentFileWith()
#3 /var/www/html/ultimate-pos/vendor/laravel/framework/src/Illuminate/Foundation/Console/KeyGenerateCommand.php(45): Illuminate\\Foundation\\Console\\KeyGenerateCommand->setKeyInEnvironmentFile()
#4 [internal function]: Illuminate\\Foundation\\Console\\KeyGenerateCommand->handle()
#5 /var/www/html/ultimate-pos/vendor/laravel/framework/src/Illuminate/Container/BoundMethod.php(32): call_user_func_array()
#6 /var/www/html/ultimate-pos/vendor/laravel/framework/src/Illuminate/Container/BoundMethod.php(90): Illuminate\\Container\\BoundMethod::Illuminate\\Container\\{closure}()
#7 /var/www/html/ultimate-pos/vendor/laravel/framework/src/Illuminate/Container/BoundMethod.php(34): Illuminate\\Container\\BoundMethod::callBoundMethod()
#8 /var/www/html/ultimate-pos/vendor/laravel/framework/src/Illuminate/Container/Container.php(576): Illuminate\\Container\\BoundMethod::call()
#9 /var/www/html/ultimate-pos/vendor/laravel/framework/src/Illuminate/Console/Command.php(183): Illuminate\\Container\\Container->call()
#10 /var/www/html/ultimate-pos/vendor/symfony/console/Command/Command.php(255): Illuminate\\Console\\Command->execute()
#11 /var/www/html/ultimate-pos/vendor/laravel/framework/src/Illuminate/Console/Command.php(170): Symfony\\Component\\Console\\Command\\Command->run()
#12 /var/www/html/ultimate-pos/vendor/symfony/console/Application.php(1009): Illuminate\\Console\\Command->run()
#13 /var/www/html/ultimate-pos/vendor/symfony/console/Application.php(273): Symfony\\Component\\Console\\Application->doRunCommand()
#14 /var/www/html/ultimate-pos/vendor/symfony/console/Application.php(149): Symfony\\Component\\Console\\Application->doRun()
#15 /var/www/html/ultimate-pos/vendor/laravel/framework/src/Illuminate/Console/Application.php(90): Symfony\\Component\\Console\\Application->run()
#16 /var/www/html/ultimate-pos/vendor/laravel/framework/src/Illuminate/Foundation/Console/Kernel.php(133): Illuminate\\Console\\Application->run()
#17 /var/www/html/ultimate-pos/artisan(35): Illuminate\\Foundation\\Console\\Kernel->handle()
#18 {main}
"} 
[2022-09-19 22:13:24] local.ERROR: file_put_contents(/var/www/html/ultimate-pos/.env): failed to open stream: Permission denied {"exception":"[object] (ErrorException(code: 0): file_put_contents(/var/www/html/ultimate-pos/.env): failed to open stream: Permission denied at /var/www/html/ultimate-pos/vendor/laravel/framework/src/Illuminate/Foundation/Console/KeyGenerateCommand.php:96)
[stacktrace]
#0 [internal function]: Illuminate\\Foundation\\Bootstrap\\HandleExceptions->handleError()
#1 /var/www/html/ultimate-pos/vendor/laravel/framework/src/Illuminate/Foundation/Console/KeyGenerateCommand.php(96): file_put_contents()
#2 /var/www/html/ultimate-pos/vendor/laravel/framework/src/Illuminate/Foundation/Console/KeyGenerateCommand.php(80): Illuminate\\Foundation\\Console\\KeyGenerateCommand->writeNewEnvironmentFileWith()
#3 /var/www/html/ultimate-pos/vendor/laravel/framework/src/Illuminate/Foundation/Console/KeyGenerateCommand.php(45): Illuminate\\Foundation\\Console\\KeyGenerateCommand->setKeyInEnvironmentFile()
#4 [internal function]: Illuminate\\Foundation\\Console\\KeyGenerateCommand->handle()
#5 /var/www/html/ultimate-pos/vendor/laravel/framework/src/Illuminate/Container/BoundMethod.php(32): call_user_func_array()
#6 /var/www/html/ultimate-pos/vendor/laravel/framework/src/Illuminate/Container/BoundMethod.php(90): Illuminate\\Container\\BoundMethod::Illuminate\\Container\\{closure}()
#7 /var/www/html/ultimate-pos/vendor/laravel/framework/src/Illuminate/Container/BoundMethod.php(34): Illuminate\\Container\\BoundMethod::callBoundMethod()
#8 /var/www/html/ultimate-pos/vendor/laravel/framework/src/Illuminate/Container/Container.php(576): Illuminate\\Container\\BoundMethod::call()
#9 /var/www/html/ultimate-pos/vendor/laravel/framework/src/Illuminate/Console/Command.php(183): Illuminate\\Container\\Container->call()
#10 /var/www/html/ultimate-pos/vendor/symfony/console/Command/Command.php(255): Illuminate\\Console\\Command->execute()
#11 /var/www/html/ultimate-pos/vendor/laravel/framework/src/Illuminate/Console/Command.php(170): Symfony\\Component\\Console\\Command\\Command->run()
#12 /var/www/html/ultimate-pos/vendor/symfony/console/Application.php(1009): Illuminate\\Console\\Command->run()
#13 /var/www/html/ultimate-pos/vendor/symfony/console/Application.php(273): Symfony\\Component\\Console\\Application->doRunCommand()
#14 /var/www/html/ultimate-pos/vendor/symfony/console/Application.php(149): Symfony\\Component\\Console\\Application->doRun()
#15 /var/www/html/ultimate-pos/vendor/laravel/framework/src/Illuminate/Console/Application.php(90): Symfony\\Component\\Console\\Application->run()
#16 /var/www/html/ultimate-pos/vendor/laravel/framework/src/Illuminate/Foundation/Console/Kernel.php(133): Illuminate\\Console\\Application->run()
#17 /var/www/html/ultimate-pos/artisan(35): Illuminate\\Foundation\\Console\\Kernel->handle()
#18 {main}
"} 
